
Showing logs for build [32mcb-kubecd-environment-pr-5492-3-5n2sd-1[0m stage [32mmeta-pipeline[0m and container [32mstep-credential-initializer-t2nts[0m
{"level":"warn","ts":1568545548.4235287,"logger":"fallback-logger","caller":"logging/config.go:69","msg":"Fetch GitHub commit ID from kodata failed: \"ref: refs/heads/master\" is not a valid GitHub commit ID"}
{"level":"info","ts":1568545548.4240127,"logger":"fallback-logger","caller":"creds-init/main.go:40","msg":"Credentials initialized."}

Showing logs for build [32mcb-kubecd-environment-pr-5492-3-5n2sd-1[0m stage [32mmeta-pipeline[0m and container [32mstep-working-dir-initializer-kq7vk[0m
{"level":"warn","ts":1568545549.3092117,"logger":"fallback-logger","caller":"logging/config.go:69","msg":"Fetch GitHub commit ID from kodata failed: open /var/run/ko/HEAD: no such file or directory"}
{"level":"info","ts":1568545549.3107123,"logger":"fallback-logger","caller":"bash/main.go:65","msg":"Successfully executed command \"mkdir -p /workspace/source\""}

Showing logs for build [32mcb-kubecd-environment-pr-5492-3-5n2sd-1[0m stage [32mmeta-pipeline[0m and container [32mstep-place-tools[0m

Showing logs for build [32mcb-kubecd-environment-pr-5492-3-5n2sd-1[0m stage [32mmeta-pipeline[0m and container [32mstep-git-source-meta-cb-kubecd-environment-pr-5-5tpzn[0m
{"level":"warn","ts":1568545554.434908,"logger":"fallback-logger","caller":"logging/config.go:69","msg":"Fetch GitHub commit ID from kodata failed: \"ref: refs/heads/master\" is not a valid GitHub commit ID"}
{"level":"info","ts":1568545555.50819,"logger":"fallback-logger","caller":"git/git.go:102","msg":"Successfully cloned https://github.com/cb-kubecd/environment-pr-5492-3-tekton-gkebdd-production.git @ eec56e6e71befb1edd172f8fd51c0dac719ecc3f in path /workspace/source"}

Showing logs for build [32mcb-kubecd-environment-pr-5492-3-5n2sd-1[0m stage [32mmeta-pipeline[0m and container [32mstep-git-merge[0m
Using SHAs from PULL_REFS=master:eec56e6e71befb1edd172f8fd51c0dac719ecc3f,1:1dfd8807d912cbf61d3f313c96f0afeb54074c41
DEBUG: ran git fetch --unshallow origin 1dfd8807d912cbf61d3f313c96f0afeb54074c41: eec56e6e71befb1edd172f8fd51c0dac719ecc3f: in 
DEBUG: ran git checkout master in 
DEBUG: ran git reset --hard eec56e6e71befb1edd172f8fd51c0dac719ecc3f in 
DEBUG: ran clean --force -d . in 
DEBUG: ran git merge 1dfd8807d912cbf61d3f313c96f0afeb54074c41 in 
Merged SHA 1dfd8807d912cbf61d3f313c96f0afeb54074c41 with commit message 'chore: Promote bdd-spring-1568544845 to version 0.0.1' into base branch master

Showing logs for build [32mcb-kubecd-environment-pr-5492-3-5n2sd-1[0m stage [32mmeta-pipeline[0m and container [32mstep-merge-pull-refs[0m
DEBUG: ran git fetch origin 1dfd8807d912cbf61d3f313c96f0afeb54074c41: eec56e6e71befb1edd172f8fd51c0dac719ecc3f: in 
DEBUG: Unshallowed git repo in 
DEBUG: ran git checkout master in 
DEBUG: ran git reset --hard eec56e6e71befb1edd172f8fd51c0dac719ecc3f in 
DEBUG: ran clean --force -d . in 
DEBUG: ran git merge 1dfd8807d912cbf61d3f313c96f0afeb54074c41 in 
Merged SHA 1dfd8807d912cbf61d3f313c96f0afeb54074c41 with commit message 'chore: Promote bdd-spring-1568544845 to version 0.0.1' into base branch master

Showing logs for build [32mcb-kubecd-environment-pr-5492-3-5n2sd-1[0m stage [32mmeta-pipeline[0m and container [32mstep-create-effective-pipeline[0m
Deleting and cloning the Jenkins X versions repo
Cloning the Jenkins X versions repo https://github.com/jenkins-x/jenkins-x-versions.git with ref refs/heads/master to /builder/home/.**/jenkins-x-versions
selected pack: /builder/home/.**/draft/packs/github.com/jenkins-x-buildpacks/jenkins-x-kubernetes/packs/environment
Effective pipeline written to jenkins-x-promotion-build-effective.yml

Showing logs for build [32mcb-kubecd-environment-pr-5492-3-5n2sd-1[0m stage [32mmeta-pipeline[0m and container [32mstep-create-tekton-crds[0m
PipelineActivity for cb-kubecd-environment-pr-5492-3-tekton-gkebdd-production-PR-1-1
Applying changes 
upserted PipelineResource cb-kubecd-environment-pr-5492-3 for the git repository https://github.com/cb-kubecd/environment-pr-5492-3-tekton-gkebdd-production.git
upserted Task cb-kubecd-environment-pr-5492-3-5n2sd-from-build-pack-1
upserted Pipeline cb-kubecd-environment-pr-5492-3-5n2sd-1
created PipelineRun cb-kubecd-environment-pr-5492-3-5n2sd-1
created PipelineStructure cb-kubecd-environment-pr-5492-3-5n2sd-1

Showing logs for build [32mcb-kubecd-environment-pr-5492-3-5n2sd-1[0m stage [32mfrom-build-pack[0m and container [32mstep-credential-initializer-xjfrw[0m
{"level":"warn","ts":1568545569.0983894,"logger":"fallback-logger","caller":"logging/config.go:69","msg":"Fetch GitHub commit ID from kodata failed: \"ref: refs/heads/master\" is not a valid GitHub commit ID"}
{"level":"info","ts":1568545569.0990295,"logger":"fallback-logger","caller":"creds-init/main.go:40","msg":"Credentials initialized."}

Showing logs for build [32mcb-kubecd-environment-pr-5492-3-5n2sd-1[0m stage [32mfrom-build-pack[0m and container [32mstep-working-dir-initializer-g2m49[0m
{"level":"warn","ts":1568545570.1101177,"logger":"fallback-logger","caller":"logging/config.go:69","msg":"Fetch GitHub commit ID from kodata failed: open /var/run/ko/HEAD: no such file or directory"}
{"level":"info","ts":1568545570.1115453,"logger":"fallback-logger","caller":"bash/main.go:65","msg":"Successfully executed command \"mkdir -p /workspace/source /workspace/source/env\""}

Showing logs for build [32mcb-kubecd-environment-pr-5492-3-5n2sd-1[0m stage [32mfrom-build-pack[0m and container [32mstep-place-tools[0m

Showing logs for build [32mcb-kubecd-environment-pr-5492-3-5n2sd-1[0m stage [32mfrom-build-pack[0m and container [32mstep-git-source-cb-kubecd-environment-pr-5492-3-bpj2h[0m
{"level":"warn","ts":1568545576.233771,"logger":"fallback-logger","caller":"logging/config.go:69","msg":"Fetch GitHub commit ID from kodata failed: \"ref: refs/heads/master\" is not a valid GitHub commit ID"}
{"level":"info","ts":1568545577.2822282,"logger":"fallback-logger","caller":"git/git.go:102","msg":"Successfully cloned https://github.com/cb-kubecd/environment-pr-5492-3-tekton-gkebdd-production.git @ master in path /workspace/source"}

Showing logs for build [32mcb-kubecd-environment-pr-5492-3-5n2sd-1[0m stage [32mfrom-build-pack[0m and container [32mstep-git-merge[0m
Using SHAs from PULL_REFS=master:eec56e6e71befb1edd172f8fd51c0dac719ecc3f,1:1dfd8807d912cbf61d3f313c96f0afeb54074c41
DEBUG: ran git fetch --unshallow origin 1dfd8807d912cbf61d3f313c96f0afeb54074c41: eec56e6e71befb1edd172f8fd51c0dac719ecc3f: in 
DEBUG: ran git checkout master in 
DEBUG: ran git reset --hard eec56e6e71befb1edd172f8fd51c0dac719ecc3f in 
DEBUG: ran clean --force -d . in 
DEBUG: ran git merge 1dfd8807d912cbf61d3f313c96f0afeb54074c41 in 
Merged SHA 1dfd8807d912cbf61d3f313c96f0afeb54074c41 with commit message 'chore: Promote bdd-spring-1568544845 to version 0.0.1' into base branch master

Showing logs for build [32mcb-kubecd-environment-pr-5492-3-5n2sd-1[0m stage [32mfrom-build-pack[0m and container [32mstep-build-helm-build[0m
WARNING: No $CHART_REPOSITORY defined so using the default value of: http://jenkins-x-chartmuseum:8080
Adding missing Helm repo: storage.googleapis.com https://storage.googleapis.com/chartmuseum.jenkins-x.io
Successfully added Helm repository storage.googleapis.com.
Adding missing Helm repo: jenkins-x-chartmuseum http://jenkins-x-chartmuseum:8080
Successfully added Helm repository jenkins-x-chartmuseum.
WARNING: No $CHART_REPOSITORY defined so using the default value of: http://jenkins-x-chartmuseum:8080
Adding missing Helm repo: chartmuseum.jenkins-x.io http://chartmuseum.jenkins-x.io
Successfully added Helm repository chartmuseum.jenkins-x.io.
